mode: atomic
github.com/lao-tseu-is-alive/go-cloud-k8s-thing/cmd/goCloudK8sThingServer/goCloudK8sThingServer.go:70.53,76.74 4 3
github.com/lao-tseu-is-alive/go-cloud-k8s-thing/cmd/goCloudK8sThingServer/goCloudK8sThingServer.go:76.74,78.3 1 1
github.com/lao-tseu-is-alive/go-cloud-k8s-thing/cmd/goCloudK8sThingServer/goCloudK8sThingServer.go:81.2,102.16 5 2
github.com/lao-tseu-is-alive/go-cloud-k8s-thing/cmd/goCloudK8sThingServer/goCloudK8sThingServer.go:102.16,104.3 1 0
github.com/lao-tseu-is-alive/go-cloud-k8s-thing/cmd/goCloudK8sThingServer/goCloudK8sThingServer.go:105.2,109.4 3 2
github.com/lao-tseu-is-alive/go-cloud-k8s-thing/cmd/goCloudK8sThingServer/goCloudK8sThingServer.go:112.58,118.16 5 0
github.com/lao-tseu-is-alive/go-cloud-k8s-thing/cmd/goCloudK8sThingServer/goCloudK8sThingServer.go:118.16,120.3 1 0
github.com/lao-tseu-is-alive/go-cloud-k8s-thing/cmd/goCloudK8sThingServer/goCloudK8sThingServer.go:121.2,121.45 1 0
github.com/lao-tseu-is-alive/go-cloud-k8s-thing/cmd/goCloudK8sThingServer/goCloudK8sThingServer.go:124.40,126.16 2 0
github.com/lao-tseu-is-alive/go-cloud-k8s-thing/cmd/goCloudK8sThingServer/goCloudK8sThingServer.go:126.16,128.3 1 0
github.com/lao-tseu-is-alive/go-cloud-k8s-thing/cmd/goCloudK8sThingServer/goCloudK8sThingServer.go:129.2,129.20 1 0
github.com/lao-tseu-is-alive/go-cloud-k8s-thing/cmd/goCloudK8sThingServer/goCloudK8sThingServer.go:129.20,131.3 1 0
github.com/lao-tseu-is-alive/go-cloud-k8s-thing/cmd/goCloudK8sThingServer/goCloudK8sThingServer.go:132.2,132.13 1 0
github.com/lao-tseu-is-alive/go-cloud-k8s-thing/cmd/goCloudK8sThingServer/goCloudK8sThingServer.go:135.47,137.20 1 0
github.com/lao-tseu-is-alive/go-cloud-k8s-thing/cmd/goCloudK8sThingServer/goCloudK8sThingServer.go:137.20,139.3 1 0
github.com/lao-tseu-is-alive/go-cloud-k8s-thing/cmd/goCloudK8sThingServer/goCloudK8sThingServer.go:140.2,140.13 1 0
github.com/lao-tseu-is-alive/go-cloud-k8s-thing/cmd/goCloudK8sThingServer/goCloudK8sThingServer.go:143.49,149.2 1 0
github.com/lao-tseu-is-alive/go-cloud-k8s-thing/cmd/goCloudK8sThingServer/goCloudK8sThingServer.go:151.13,158.16 6 1
github.com/lao-tseu-is-alive/go-cloud-k8s-thing/cmd/goCloudK8sThingServer/goCloudK8sThingServer.go:158.16,160.3 1 0
github.com/lao-tseu-is-alive/go-cloud-k8s-thing/cmd/goCloudK8sThingServer/goCloudK8sThingServer.go:161.2,162.16 2 1
github.com/lao-tseu-is-alive/go-cloud-k8s-thing/cmd/goCloudK8sThingServer/goCloudK8sThingServer.go:162.16,164.3 1 0
github.com/lao-tseu-is-alive/go-cloud-k8s-thing/cmd/goCloudK8sThingServer/goCloudK8sThingServer.go:165.2,167.16 2 1
github.com/lao-tseu-is-alive/go-cloud-k8s-thing/cmd/goCloudK8sThingServer/goCloudK8sThingServer.go:167.16,169.3 1 0
github.com/lao-tseu-is-alive/go-cloud-k8s-thing/cmd/goCloudK8sThingServer/goCloudK8sThingServer.go:170.2,171.16 2 1
github.com/lao-tseu-is-alive/go-cloud-k8s-thing/cmd/goCloudK8sThingServer/goCloudK8sThingServer.go:171.16,173.3 1 0
github.com/lao-tseu-is-alive/go-cloud-k8s-thing/cmd/goCloudK8sThingServer/goCloudK8sThingServer.go:174.2,178.16 3 1
github.com/lao-tseu-is-alive/go-cloud-k8s-thing/cmd/goCloudK8sThingServer/goCloudK8sThingServer.go:178.16,180.3 1 0
github.com/lao-tseu-is-alive/go-cloud-k8s-thing/cmd/goCloudK8sThingServer/goCloudK8sThingServer.go:181.2,189.16 4 1
github.com/lao-tseu-is-alive/go-cloud-k8s-thing/cmd/goCloudK8sThingServer/goCloudK8sThingServer.go:189.16,191.3 1 0
github.com/lao-tseu-is-alive/go-cloud-k8s-thing/cmd/goCloudK8sThingServer/goCloudK8sThingServer.go:193.2,194.16 2 1
github.com/lao-tseu-is-alive/go-cloud-k8s-thing/cmd/goCloudK8sThingServer/goCloudK8sThingServer.go:194.16,196.3 1 0
github.com/lao-tseu-is-alive/go-cloud-k8s-thing/cmd/goCloudK8sThingServer/goCloudK8sThingServer.go:197.2,197.11 1 1
github.com/lao-tseu-is-alive/go-cloud-k8s-thing/cmd/goCloudK8sThingServer/goCloudK8sThingServer.go:197.11,199.3 1 1
github.com/lao-tseu-is-alive/go-cloud-k8s-thing/cmd/goCloudK8sThingServer/goCloudK8sThingServer.go:199.8,201.3 1 0
github.com/lao-tseu-is-alive/go-cloud-k8s-thing/cmd/goCloudK8sThingServer/goCloudK8sThingServer.go:202.2,203.16 2 1
github.com/lao-tseu-is-alive/go-cloud-k8s-thing/cmd/goCloudK8sThingServer/goCloudK8sThingServer.go:203.16,205.3 1 0
github.com/lao-tseu-is-alive/go-cloud-k8s-thing/cmd/goCloudK8sThingServer/goCloudK8sThingServer.go:210.2,211.16 2 1
github.com/lao-tseu-is-alive/go-cloud-k8s-thing/cmd/goCloudK8sThingServer/goCloudK8sThingServer.go:211.16,213.3 1 0
github.com/lao-tseu-is-alive/go-cloud-k8s-thing/cmd/goCloudK8sThingServer/goCloudK8sThingServer.go:214.2,215.16 2 1
github.com/lao-tseu-is-alive/go-cloud-k8s-thing/cmd/goCloudK8sThingServer/goCloudK8sThingServer.go:215.16,217.3 1 0
github.com/lao-tseu-is-alive/go-cloud-k8s-thing/cmd/goCloudK8sThingServer/goCloudK8sThingServer.go:219.2,220.16 2 1
github.com/lao-tseu-is-alive/go-cloud-k8s-thing/cmd/goCloudK8sThingServer/goCloudK8sThingServer.go:220.16,222.33 1 1
github.com/lao-tseu-is-alive/go-cloud-k8s-thing/cmd/goCloudK8sThingServer/goCloudK8sThingServer.go:222.33,224.4 1 0
github.com/lao-tseu-is-alive/go-cloud-k8s-thing/cmd/goCloudK8sThingServer/goCloudK8sThingServer.go:227.2,235.16 3 1
github.com/lao-tseu-is-alive/go-cloud-k8s-thing/cmd/goCloudK8sThingServer/goCloudK8sThingServer.go:235.16,237.3 1 0
github.com/lao-tseu-is-alive/go-cloud-k8s-thing/cmd/goCloudK8sThingServer/goCloudK8sThingServer.go:238.2,249.16 10 1
github.com/lao-tseu-is-alive/go-cloud-k8s-thing/cmd/goCloudK8sThingServer/goCloudK8sThingServer.go:249.16,251.3 1 0
github.com/lao-tseu-is-alive/go-cloud-k8s-thing/cmd/goCloudK8sThingServer/goCloudK8sThingServer.go:253.2,268.16 8 1
github.com/lao-tseu-is-alive/go-cloud-k8s-thing/cmd/goCloudK8sThingServer/goCloudK8sThingServer.go:268.16,270.3 1 0
